<?xml version="1.0" encoding="UTF-8"?>
<!-- Generated by org.testng.reporters.JUnitReportReporter -->
<testsuite skipped="0" hostname="Arshdeeps-MacBook-Pro.local" name="testngdemo.FirstTest" tests="3" failures="0" timestamp="2024-02-26T17:00:54 EST" time="0.006" errors="0">
  <testcase name="test3" time="0.001" classname="testngdemo.FirstTest"/>
  <system-out/>
  <testcase name="test2" time="0.004" classname="testngdemo.FirstTest"/>
  <system-out/>
  <testcase name="test1" time="0.001" classname="testngdemo.FirstTest"/>
  <system-out/>
</testsuite> <!-- testngdemo.FirstTest -->
