<?xml version="1.0" encoding="UTF-8"?>
<!-- Generated by org.testng.reporters.JUnitReportReporter -->
<testsuite skipped="0" hostname="Arshdeeps-MacBook-Pro.local" name="testngdemo.HardAssertions" tests="3" failures="0" timestamp="2024-02-29T07:05:02 EST" time="0.014" errors="0">
  <testcase name="signupbyfacebook" time="0.010" classname="testngdemo.HardAssertions"/>
  <system-out/>
  <testcase name="signupbytwitter" time="0.002" classname="testngdemo.HardAssertions"/>
  <system-out/>
  <testcase name="paymentReturnbyBank" time="0.002" classname="testngdemo.HardAssertions"/>
  <system-out/>
</testsuite> <!-- testngdemo.HardAssertions -->
