<?xml version="1.0" encoding="UTF-8"?>
<!-- Generated by org.testng.reporters.JUnitReportReporter -->
<testsuite hostname="Arshdeeps-MacBook-Pro.local" failures="0" tests="2" name="pom.LoginTest" time="1.669" errors="0" timestamp="2024-03-08T14:36:26 EST" skipped="0">
  <testcase classname="pom.LoginTest" name="testLogo" time="0.097"/>
  <system-out/>
  <testcase classname="pom.LoginTest" name="testLogin" time="1.572"/>
  <system-out/>
</testsuite> <!-- pom.LoginTest -->
