<?xml version="1.0" encoding="UTF-8"?>
<!-- Generated by org.testng.reporters.JUnitReportReporter -->
<testsuite skipped="0" hostname="Arshdeeps-MacBook-Pro.local" name="testngdemo.ParameterDemo" tests="4" failures="0" timestamp="2024-02-29T13:47:15 EST" time="0.224" errors="0">
  <testcase name="testLogo" time="0.081" classname="testngdemo.ParameterDemo"/>
  <system-out/>
  <testcase name="testLogo" time="0.082" classname="testngdemo.ParameterDemo"/>
  <system-out/>
  <testcase name="testHomePageTitle" time="0.036" classname="testngdemo.ParameterDemo"/>
  <system-out/>
  <testcase name="testHomePageTitle" time="0.025" classname="testngdemo.ParameterDemo"/>
  <system-out/>
</testsuite> <!-- testngdemo.ParameterDemo -->
