<?xml version="1.0" encoding="UTF-8"?>
<!-- Generated by org.testng.reporters.JUnitReportReporter -->
<testsuite skipped="0" hostname="Arshdeeps-MacBook-Pro.local" name="projectday.ZoomDemo" tests="1" failures="0" timestamp="2024-03-05T12:32:38 EST" time="4.529" errors="0">
  <testcase name="zoom" time="4.529" classname="projectday.ZoomDemo"/>
  <system-out/>
</testsuite> <!-- projectday.ZoomDemo -->
