<?xml version="1.0" encoding="UTF-8"?>
<!-- Generated by org.testng.reporters.JUnitReportReporter -->
<testsuite skipped="0" hostname="Arshdeeps-MacBook-Pro.local" name="testngdemo.SecondTest" tests="3" failures="0" timestamp="2024-02-26T17:00:54 EST" time="0.020" errors="0">
  <testcase name="test5" time="0.003" classname="testngdemo.SecondTest"/>
  <system-out/>
  <testcase name="test4" time="0.015" classname="testngdemo.SecondTest"/>
  <system-out/>
  <testcase name="test6" time="0.002" classname="testngdemo.SecondTest"/>
  <system-out/>
</testsuite> <!-- testngdemo.SecondTest -->
