<?xml version="1.0" encoding="UTF-8"?>
<!-- Generated by org.testng.reporters.JUnitReportReporter -->
<testsuite skipped="0" hostname="Arshdeeps-MacBook-Pro.local" name="testngdemo.ExtentDemo" tests="3" failures="0" timestamp="2024-03-01T14:51:33 EST" time="5.149" errors="0">
  <testcase name="testLogo" time="0.078" classname="testngdemo.ExtentDemo"/>
  <system-out/>
  <testcase name="testLogin" time="1.435" classname="testngdemo.ExtentDemo"/>
  <system-out/>
  <testcase name="testLogout" time="3.636" classname="testngdemo.ExtentDemo"/>
  <system-out/>
</testsuite> <!-- testngdemo.ExtentDemo -->
